<?xml version="1.0" encoding="UTF-8"?>
<?xml-stylesheet type="text/xsl" href="ivy-report.xsl"?>
<ivy-report version="1.0">
	<info
		organisation="proxycubes"
		module="proxycubes_2.9.2"
		revision="0.1-SNAPSHOT"
		conf="test"
		confs="compile, runtime, test, provided, optional, compile-internal, runtime-internal, test-internal, plugin, sources, docs, pom"
		date="20130509062425"/>
	<dependencies>
		<module organisation="org.mockito" name="mockito-core">
			<revision name="1.9.5" status="release" pubdate="20121014030649" resolver="Maven repo2" artresolver="Maven repo2" homepage="http://www.mockito.org" downloaded="false" searched="false" default="false" conf="default(compile), default, compile, runtime, master" position="30">
				<license name="The MIT License" url="http://code.google.com/p/mockito/wiki/License"/>
				<metadata-artifact status="no" details="" size="2656" time="0" location="/home/mkhedhri/.ivy2/cache/org.mockito/mockito-core/ivy-1.9.5.xml" searched="false" origin-is-local="false" origin-location="http://repo2.maven.org/maven2/org/mockito/mockito-core/1.9.5/mockito-core-1.9.5.pom"/>
				<caller organisation="proxycubes" name="proxycubes_2.9.2" conf="test, compile, runtime" rev="1.9.5" rev-constraint-default="1.9.5" rev-constraint-dynamic="1.9.5" callerrev="0.1-SNAPSHOT"/>
				<artifacts>
					<artifact name="mockito-core" type="jar" ext="jar" status="no" details="" size="1500011" time="0" location="/home/mkhedhri/.ivy2/cache/org.mockito/mockito-core/jars/mockito-core-1.9.5.jar">
						<origin-location is-local="false" location="http://repo2.maven.org/maven2/org/mockito/mockito-core/1.9.5/mockito-core-1.9.5.jar"/>
					</artifact>
				</artifacts>
			</revision>
		</module>
		<module organisation="org.objenesis" name="objenesis">
			<revision name="1.0" status="release" pubdate="20070516153006" resolver="Maven repo2" artresolver="Maven repo2" homepage="http://objenesis.googlecode.com/svn/docs/index.html" downloaded="false" searched="false" default="false" conf="compile, master(*), runtime, compile(*), runtime(*), master" position="32">
				<license name="MIT License" url="http://objenesis.googlecode.com/svn/docs/license.html"/>
				<metadata-artifact status="no" details="" size="2392" time="0" location="/home/mkhedhri/.ivy2/cache/org.objenesis/objenesis/ivy-1.0.xml" searched="false" origin-is-local="false" origin-location="http://repo2.maven.org/maven2/org/objenesis/objenesis/1.0/objenesis-1.0.pom"/>
				<caller organisation="org.mockito" name="mockito-core" conf="default, compile, runtime, master" rev="1.0" rev-constraint-default="1.0" rev-constraint-dynamic="1.0" callerrev="1.9.5"/>
				<artifacts>
					<artifact name="objenesis" type="jar" ext="jar" status="no" details="" size="28569" time="0" location="/home/mkhedhri/.ivy2/cache/org.objenesis/objenesis/jars/objenesis-1.0.jar">
						<origin-location is-local="false" location="http://repo2.maven.org/maven2/org/objenesis/objenesis/1.0/objenesis-1.0.jar"/>
					</artifact>
				</artifacts>
			</revision>
		</module>
		<module organisation="org.hamcrest" name="hamcrest-core">
			<revision name="1.1" status="release" pubdate="20070718121143" resolver="Maven repo2" artresolver="Maven repo2" homepage="" downloaded="false" searched="false" default="false" conf="compile, master(*), runtime, compile(*), runtime(*), master" position="31">
				<metadata-artifact status="no" details="" size="4321" time="0" location="/home/mkhedhri/.ivy2/cache/org.hamcrest/hamcrest-core/ivy-1.1.xml" searched="false" origin-is-local="false" origin-location="http://repo2.maven.org/maven2/org/hamcrest/hamcrest-core/1.1/hamcrest-core-1.1.pom"/>
				<caller organisation="org.mockito" name="mockito-core" conf="default, compile, runtime, master" rev="1.1" rev-constraint-default="1.1" rev-constraint-dynamic="1.1" callerrev="1.9.5"/>
				<artifacts>
					<artifact name="hamcrest-core" type="jar" ext="jar" status="no" details="" size="76643" time="0" location="/home/mkhedhri/.ivy2/cache/org.hamcrest/hamcrest-core/jars/hamcrest-core-1.1.jar">
						<origin-location is-local="false" location="http://repo2.maven.org/maven2/org/hamcrest/hamcrest-core/1.1/hamcrest-core-1.1.jar"/>
					</artifact>
				</artifacts>
			</revision>
		</module>
		<module organisation="joda-time" name="joda-time">
			<revision name="2.1" status="release" pubdate="20120222082242" resolver="public" artresolver="public" homepage="http://joda-time.sourceforge.net" downloaded="false" searched="false" default="false" conf="default(compile), default, compile, runtime, master" position="28">
				<license name="Apache 2" url="http://www.apache.org/licenses/LICENSE-2.0.txt"/>
				<metadata-artifact status="no" details="" size="3297" time="0" location="/home/mkhedhri/.ivy2/cache/joda-time/joda-time/ivy-2.1.xml" searched="false" origin-is-local="false" origin-location="http://repo1.maven.org/maven2/joda-time/joda-time/2.1/joda-time-2.1.pom"/>
				<caller organisation="proxycubes" name="proxycubes_2.9.2" conf="test, compile, runtime" rev="2.1" rev-constraint-default="2.1" rev-constraint-dynamic="2.1" callerrev="0.1-SNAPSHOT"/>
				<artifacts>
					<artifact name="joda-time" type="jar" ext="jar" status="no" details="" size="570478" time="0" location="/home/mkhedhri/.ivy2/cache/joda-time/joda-time/jars/joda-time-2.1.jar">
						<origin-location is-local="false" location="http://repo1.maven.org/maven2/joda-time/joda-time/2.1/joda-time-2.1.jar"/>
					</artifact>
				</artifacts>
			</revision>
		</module>
		<module organisation="org.joda" name="joda-convert">
			<revision name="1.2" status="release" pubdate="20111027125117" resolver="public" artresolver="public" homepage="http://joda-convert.sourceforge.net" downloaded="false" searched="false" default="false" conf="default(compile), default, compile, runtime, master" position="29">
				<license name="Apache 2" url="http://www.apache.org/licenses/LICENSE-2.0.txt"/>
				<metadata-artifact status="no" details="" size="3114" time="0" location="/home/mkhedhri/.ivy2/cache/org.joda/joda-convert/ivy-1.2.xml" searched="false" origin-is-local="false" origin-location="http://repo1.maven.org/maven2/org/joda/joda-convert/1.2/joda-convert-1.2.pom"/>
				<caller organisation="proxycubes" name="proxycubes_2.9.2" conf="test, compile, runtime" rev="1.2" rev-constraint-default="1.2" rev-constraint-dynamic="1.2" callerrev="0.1-SNAPSHOT"/>
				<artifacts>
					<artifact name="joda-convert" type="jar" ext="jar" status="no" details="" size="38460" time="0" location="/home/mkhedhri/.ivy2/cache/org.joda/joda-convert/jars/joda-convert-1.2.jar">
						<origin-location is-local="false" location="http://repo1.maven.org/maven2/org/joda/joda-convert/1.2/joda-convert-1.2.jar"/>
					</artifact>
				</artifacts>
			</revision>
		</module>
		<module organisation="net.liftweb" name="lift-json_2.9.1">
			<revision name="2.4" status="release" pubdate="20120101123738" resolver="sbt-chain" artresolver="sbt-chain" homepage="http://www.liftweb.net" downloaded="false" searched="false" default="false" conf="default(compile), default, compile, runtime, master" position="24">
				<license name="Apache License, Version 2.0" url="http://www.apache.org/licenses/LICENSE-2.0.txt"/>
				<metadata-artifact status="no" details="" size="3027" time="0" location="/home/mkhedhri/.ivy2/cache/net.liftweb/lift-json_2.9.1/ivy-2.4.xml" searched="false" origin-is-local="false" origin-location="http://mirrors.ibiblio.org/pub/mirrors/maven2/net/liftweb/lift-json_2.9.1/2.4/lift-json_2.9.1-2.4.pom"/>
				<caller organisation="proxycubes" name="proxycubes_2.9.2" conf="test, compile, runtime" rev="2.4" rev-constraint-default="2.4" rev-constraint-dynamic="2.4" callerrev="0.1-SNAPSHOT"/>
				<artifacts>
					<artifact name="lift-json_2.9.1" type="jar" ext="jar" status="no" details="" size="450627" time="0" location="/home/mkhedhri/.ivy2/cache/net.liftweb/lift-json_2.9.1/jars/lift-json_2.9.1-2.4.jar">
						<origin-location is-local="false" location="http://mirrors.ibiblio.org/pub/mirrors/maven2/net/liftweb/lift-json_2.9.1/2.4/lift-json_2.9.1-2.4.jar"/>
					</artifact>
				</artifacts>
			</revision>
		</module>
		<module organisation="org.scala-lang" name="scalap">
			<revision name="2.9.1" status="release" pubdate="20110831084129" resolver="sbt-chain" artresolver="sbt-chain" homepage="http://www.scala-lang.org/" downloaded="false" searched="false" default="false" conf="compile, master(*), runtime, compile(*), runtime(*), master" position="26">
				<license name="BSD-like" url="http://www.scala-lang.org/downloads/license.html    "/>
				<metadata-artifact status="no" details="" size="2476" time="0" location="/home/mkhedhri/.ivy2/cache/org.scala-lang/scalap/ivy-2.9.1.xml" searched="false" origin-is-local="false" origin-location="http://mirrors.ibiblio.org/pub/mirrors/maven2/org/scala-lang/scalap/2.9.1/scalap-2.9.1.pom"/>
				<caller organisation="net.liftweb" name="lift-json_2.9.1" conf="default, compile, runtime, master" rev="2.9.1" rev-constraint-default="2.9.1" rev-constraint-dynamic="2.9.1" callerrev="2.4"/>
				<artifacts>
					<artifact name="scalap" type="jar" ext="jar" status="no" details="" size="841814" time="0" location="/home/mkhedhri/.ivy2/cache/org.scala-lang/scalap/jars/scalap-2.9.1.jar">
						<origin-location is-local="false" location="http://mirrors.ibiblio.org/pub/mirrors/maven2/org/scala-lang/scalap/2.9.1/scalap-2.9.1.jar"/>
					</artifact>
				</artifacts>
			</revision>
		</module>
		<module organisation="com.thoughtworks.paranamer" name="paranamer">
			<revision name="2.3" status="release" pubdate="20101019131431" resolver="sbt-chain" artresolver="sbt-chain" homepage="" downloaded="false" searched="false" default="false" conf="compile, master(*), runtime, compile(*), runtime(*), master" position="25">
				<metadata-artifact status="no" details="" size="3407" time="0" location="/home/mkhedhri/.ivy2/cache/com.thoughtworks.paranamer/paranamer/ivy-2.3.xml" searched="false" origin-is-local="false" origin-location="http://mirrors.ibiblio.org/pub/mirrors/maven2/com/thoughtworks/paranamer/paranamer/2.3/paranamer-2.3.pom"/>
				<caller organisation="net.liftweb" name="lift-json_2.9.1" conf="default, compile, runtime, master" rev="2.3" rev-constraint-default="2.3" rev-constraint-dynamic="2.3" callerrev="2.4"/>
				<artifacts>
					<artifact name="paranamer" type="jar" ext="jar" status="no" details="" size="29555" time="0" location="/home/mkhedhri/.ivy2/cache/com.thoughtworks.paranamer/paranamer/jars/paranamer-2.3.jar">
						<origin-location is-local="false" location="http://mirrors.ibiblio.org/pub/mirrors/maven2/com/thoughtworks/paranamer/paranamer/2.3/paranamer-2.3.jar"/>
					</artifact>
				</artifacts>
			</revision>
		</module>
		<module organisation="com.google.guava" name="guava">
			<revision name="14.0.1" status="release" pubdate="20130314165719" resolver="Maven repo2" artresolver="Maven repo2" homepage="" downloaded="false" searched="false" default="false" conf="default(compile), default, compile, runtime, master, master(*), compile(*), runtime(*)" position="8">
				<metadata-artifact status="no" details="" size="3651" time="0" location="/home/mkhedhri/.ivy2/cache/com.google.guava/guava/ivy-14.0.1.xml" searched="false" origin-is-local="false" origin-location="http://repo2.maven.org/maven2/com/google/guava/guava/14.0.1/guava-14.0.1.pom"/>
				<caller organisation="com.twitter" name="util-collection" conf="compile, runtime" rev="13.0" rev-constraint-default="13.0" rev-constraint-dynamic="13.0" callerrev="5.3.13"/>
				<caller organisation="com.github.spullara.mustache.java" name="compiler" conf="compile, runtime" rev="12.0" rev-constraint-default="12.0" rev-constraint-dynamic="12.0" callerrev="0.8.8"/>
				<caller organisation="proxycubes" name="proxycubes_2.9.2" conf="test, compile, runtime" rev="14.0.1" rev-constraint-default="14.0.1" rev-constraint-dynamic="14.0.1" callerrev="0.1-SNAPSHOT"/>
				<artifacts>
					<artifact name="guava" type="bundle" ext="jar" status="no" details="" size="2189117" time="0" location="/home/mkhedhri/.ivy2/cache/com.google.guava/guava/bundles/guava-14.0.1.jar">
						<origin-location is-local="false" location="http://repo2.maven.org/maven2/com/google/guava/guava/14.0.1/guava-14.0.1.jar"/>
					</artifact>
				</artifacts>
			</revision>
			<revision name="12.0" evicted="latest-revision" evicted-reason="" downloaded="false" searched="false" conf="compile, master(*), runtime, compile(*), runtime(*)" position="-1">
				<evicted-by rev="14.0.1"/>
				<caller organisation="com.github.spullara.mustache.java" name="compiler" conf="compile, runtime" rev="12.0" rev-constraint-default="12.0" rev-constraint-dynamic="12.0" callerrev="0.8.8"/>
				<artifacts>
				</artifacts>
			</revision>
			<revision name="13.0" evicted="latest-revision" evicted-reason="" downloaded="false" searched="false" conf="compile, master(*), runtime, compile(*), runtime(*), master, default(compile)" position="-1">
				<evicted-by rev="14.0.1"/>
				<caller organisation="com.twitter" name="util-collection" conf="compile, runtime" rev="13.0" rev-constraint-default="13.0" rev-constraint-dynamic="13.0" callerrev="5.3.13"/>
				<caller organisation="com.github.spullara.mustache.java" name="compiler" conf="compile, runtime" rev="12.0" rev-constraint-default="12.0" rev-constraint-dynamic="12.0" callerrev="0.8.8"/>
				<caller organisation="proxycubes" name="proxycubes_2.9.2" conf="test, compile, runtime" rev="14.0.1" rev-constraint-default="14.0.1" rev-constraint-dynamic="14.0.1" callerrev="0.1-SNAPSHOT"/>
				<artifacts>
				</artifacts>
			</revision>
		</module>
		<module organisation="com.twitter" name="finatra">
			<revision name="1.1.0" status="release" pubdate="20121119230128" resolver="public" artresolver="public" homepage="http://github.com/capotej/finatra" downloaded="false" searched="false" default="false" conf="default(compile), default, compile, runtime, master" position="1">
				<license name="The Apache Software License, Version 2.0" url="http://www.apache.org/licenses/LICENSE-2.0.txt"/>
				<metadata-artifact status="no" details="" size="4716" time="0" location="/home/mkhedhri/.ivy2/cache/com.twitter/finatra/ivy-1.1.0.xml" searched="false" origin-is-local="false" origin-location="http://repo1.maven.org/maven2/com/twitter/finatra/1.1.0/finatra-1.1.0.pom"/>
				<caller organisation="proxycubes" name="proxycubes_2.9.2" conf="test, compile, runtime" rev="1.1.0" rev-constraint-default="1.1.0" rev-constraint-dynamic="1.1.0" callerrev="0.1-SNAPSHOT"/>
				<artifacts>
					<artifact name="finatra" type="jar" ext="jar" status="no" details="" size="148923" time="0" location="/home/mkhedhri/.ivy2/cache/com.twitter/finatra/jars/finatra-1.1.0.jar">
						<origin-location is-local="false" location="http://repo1.maven.org/maven2/com/twitter/finatra/1.1.0/finatra-1.1.0.jar"/>
					</artifact>
				</artifacts>
			</revision>
		</module>
		<module organisation="com.github.spullara.mustache.java" name="compiler">
			<revision name="0.8.8" status="release" pubdate="20121015153041" resolver="public" artresolver="public" homepage="http://github.com/spullara/mustache.java" downloaded="false" searched="false" default="false" conf="compile, master(*), runtime, compile(*), runtime(*), master" position="23">
				<license name="Apache License 2.0" url="http://www.apache.org/licenses/LICENSE-2.0"/>
				<metadata-artifact status="no" details="" size="3636" time="0" location="/home/mkhedhri/.ivy2/cache/com.github.spullara.mustache.java/compiler/ivy-0.8.8.xml" searched="false" origin-is-local="false" origin-location="http://repo1.maven.org/maven2/com/github/spullara/mustache/java/compiler/0.8.8/compiler-0.8.8.pom"/>
				<caller organisation="com.twitter" name="finatra" conf="default, compile, runtime, master" rev="0.8.8" rev-constraint-default="0.8.8" rev-constraint-dynamic="0.8.8" callerrev="1.1.0"/>
				<artifacts>
					<artifact name="compiler" type="bundle" ext="jar" status="no" details="" size="97860" time="0" location="/home/mkhedhri/.ivy2/cache/com.github.spullara.mustache.java/compiler/bundles/compiler-0.8.8.jar">
						<origin-location is-local="false" location="http://repo1.maven.org/maven2/com/github/spullara/mustache/java/compiler/0.8.8/compiler-0.8.8.jar"/>
					</artifact>
				</artifacts>
			</revision>
		</module>
		<module organisation="io.backchat.jerkson" name="jerkson_2.9.2">
			<revision name="0.7.0" status="release" pubdate="20120807004533" resolver="public" artresolver="public" homepage="https://github.com/backchatio/jerkson" downloaded="false" searched="false" default="false" conf="compile, master(*), runtime, compile(*), runtime(*), master" position="19">
				<license name="MIT" url="http://codahale.com/mit.txt"/>
				<metadata-artifact status="no" details="" size="2924" time="0" location="/home/mkhedhri/.ivy2/cache/io.backchat.jerkson/jerkson_2.9.2/ivy-0.7.0.xml" searched="false" origin-is-local="false" origin-location="http://repo1.maven.org/maven2/io/backchat/jerkson/jerkson_2.9.2/0.7.0/jerkson_2.9.2-0.7.0.pom"/>
				<caller organisation="com.twitter" name="finatra" conf="default, compile, runtime, master" rev="0.7.0" rev-constraint-default="0.7.0" rev-constraint-dynamic="0.7.0" callerrev="1.1.0"/>
				<artifacts>
					<artifact name="jerkson_2.9.2" type="jar" ext="jar" status="no" details="" size="821842" time="0" location="/home/mkhedhri/.ivy2/cache/io.backchat.jerkson/jerkson_2.9.2/jars/jerkson_2.9.2-0.7.0.jar">
						<origin-location is-local="false" location="http://repo1.maven.org/maven2/io/backchat/jerkson/jerkson_2.9.2/0.7.0/jerkson_2.9.2-0.7.0.jar"/>
					</artifact>
				</artifacts>
			</revision>
		</module>
		<module organisation="com.fasterxml.jackson.core" name="jackson-databind">
			<revision name="2.0.5" status="release" pubdate="20120727160032" resolver="public" artresolver="public" homepage="http://wiki.fasterxml.com/JacksonHome" downloaded="false" searched="false" default="false" conf="compile, master(*), runtime, compile(*), runtime(*), master" position="21">
				<license name="The Apache Software License, Version 2.0" url="http://www.apache.org/licenses/LICENSE-2.0.txt"/>
				<license name="Lesser Gnu Public License (LGPL), Version 2.1" url="http://www.gnu.org/licenses/lgpl-2.1.html"/>
				<metadata-artifact status="no" details="" size="4240" time="0" location="/home/mkhedhri/.ivy2/cache/com.fasterxml.jackson.core/jackson-databind/ivy-2.0.5.xml" searched="false" origin-is-local="false" origin-location="http://repo1.maven.org/maven2/com/fasterxml/jackson/core/jackson-databind/2.0.5/jackson-databind-2.0.5.pom"/>
				<caller organisation="io.backchat.jerkson" name="jerkson_2.9.2" conf="compile, runtime" rev="2.0.5" rev-constraint-default="2.0.5" rev-constraint-dynamic="2.0.5" callerrev="0.7.0"/>
				<artifacts>
					<artifact name="jackson-databind" type="bundle" ext="jar" status="no" details="" size="850009" time="0" location="/home/mkhedhri/.ivy2/cache/com.fasterxml.jackson.core/jackson-databind/bundles/jackson-databind-2.0.5.jar">
						<origin-location is-local="false" location="http://repo1.maven.org/maven2/com/fasterxml/jackson/core/jackson-databind/2.0.5/jackson-databind-2.0.5.jar"/>
					</artifact>
				</artifacts>
			</revision>
		</module>
		<module organisation="com.fasterxml.jackson.core" name="jackson-annotations">
			<revision name="2.0.5" status="release" pubdate="20120727154804" resolver="public" artresolver="public" homepage="http://wiki.fasterxml.com/JacksonHome" downloaded="false" searched="false" default="false" conf="compile, master(*), runtime, compile(*), runtime(*), master" position="22">
				<metadata-artifact status="no" details="" size="3924" time="0" location="/home/mkhedhri/.ivy2/cache/com.fasterxml.jackson.core/jackson-annotations/ivy-2.0.5.xml" searched="false" origin-is-local="false" origin-location="http://repo1.maven.org/maven2/com/fasterxml/jackson/core/jackson-annotations/2.0.5/jackson-annotations-2.0.5.pom"/>
				<caller organisation="com.fasterxml.jackson.core" name="jackson-databind" conf="compile, runtime" rev="2.0.5" rev-constraint-default="2.0.5" rev-constraint-dynamic="2.0.5" callerrev="2.0.5"/>
				<artifacts>
					<artifact name="jackson-annotations" type="jar" ext="jar" status="no" details="" size="33527" time="0" location="/home/mkhedhri/.ivy2/cache/com.fasterxml.jackson.core/jackson-annotations/jars/jackson-annotations-2.0.5.jar">
						<origin-location is-local="false" location="http://repo1.maven.org/maven2/com/fasterxml/jackson/core/jackson-annotations/2.0.5/jackson-annotations-2.0.5.jar"/>
					</artifact>
				</artifacts>
			</revision>
		</module>
		<module organisation="com.fasterxml.jackson.core" name="jackson-core">
			<revision name="2.0.5" status="release" pubdate="20120727154940" resolver="public" artresolver="public" homepage="http://wiki.fasterxml.com/JacksonHome" downloaded="false" searched="false" default="false" conf="compile, master(*), runtime, compile(*), runtime(*), master" position="20">
				<license name="The Apache Software License, Version 2.0" url="http://www.apache.org/licenses/LICENSE-2.0.txt"/>
				<metadata-artifact status="no" details="" size="3391" time="0" location="/home/mkhedhri/.ivy2/cache/com.fasterxml.jackson.core/jackson-core/ivy-2.0.5.xml" searched="false" origin-is-local="false" origin-location="http://repo1.maven.org/maven2/com/fasterxml/jackson/core/jackson-core/2.0.5/jackson-core-2.0.5.pom"/>
				<caller organisation="io.backchat.jerkson" name="jerkson_2.9.2" conf="compile, runtime" rev="2.0.5" rev-constraint-default="2.0.5" rev-constraint-dynamic="2.0.5" callerrev="0.7.0"/>
				<caller organisation="com.fasterxml.jackson.core" name="jackson-databind" conf="compile, runtime" rev="2.0.5" rev-constraint-default="2.0.5" rev-constraint-dynamic="2.0.5" callerrev="2.0.5"/>
				<artifacts>
					<artifact name="jackson-core" type="bundle" ext="jar" status="no" details="" size="195893" time="0" location="/home/mkhedhri/.ivy2/cache/com.fasterxml.jackson.core/jackson-core/bundles/jackson-core-2.0.5.jar">
						<origin-location is-local="false" location="http://repo1.maven.org/maven2/com/fasterxml/jackson/core/jackson-core/2.0.5/jackson-core-2.0.5.jar"/>
					</artifact>
				</artifacts>
			</revision>
		</module>
		<module organisation="commons-fileupload" name="commons-fileupload">
			<revision name="1.2.1" status="release" pubdate="20080210230752" resolver="public" artresolver="public" homepage="http://commons.apache.org/fileupload/" downloaded="false" searched="false" default="false" conf="compile, master(*), runtime, compile(*), runtime(*), master" position="18">
				<metadata-artifact status="no" details="" size="3740" time="0" location="/home/mkhedhri/.ivy2/cache/commons-fileupload/commons-fileupload/ivy-1.2.1.xml" searched="false" origin-is-local="false" origin-location="http://repo1.maven.org/maven2/commons-fileupload/commons-fileupload/1.2.1/commons-fileupload-1.2.1.pom"/>
				<caller organisation="com.twitter" name="finatra" conf="default, compile, runtime, master" rev="1.2.1" rev-constraint-default="1.2.1" rev-constraint-dynamic="1.2.1" callerrev="1.1.0"/>
				<artifacts>
					<artifact name="commons-fileupload" type="jar" ext="jar" status="no" details="" size="57779" time="0" location="/home/mkhedhri/.ivy2/cache/commons-fileupload/commons-fileupload/jars/commons-fileupload-1.2.1.jar">
						<origin-location is-local="false" location="http://repo1.maven.org/maven2/commons-fileupload/commons-fileupload/1.2.1/commons-fileupload-1.2.1.jar"/>
					</artifact>
				</artifacts>
			</revision>
		</module>
		<module organisation="org.scalatest" name="scalatest_2.9.2">
			<revision name="1.7.2" status="release" pubdate="20120413104935" resolver="public" artresolver="public" homepage="http://www.scalatest.org" downloaded="false" searched="false" default="false" conf="compile, master(*), runtime, compile(*), runtime(*), master" position="17">
				<license name="the Apache License, ASL Version 2.0" url="http://www.apache.org/licenses/LICENSE-2.0"/>
				<metadata-artifact status="no" details="" size="4598" time="0" location="/home/mkhedhri/.ivy2/cache/org.scalatest/scalatest_2.9.2/ivy-1.7.2.xml" searched="false" origin-is-local="false" origin-location="http://repo1.maven.org/maven2/org/scalatest/scalatest_2.9.2/1.7.2/scalatest_2.9.2-1.7.2.pom"/>
				<caller organisation="com.twitter" name="finatra" conf="default, compile, runtime, master" rev="1.7.2" rev-constraint-default="1.7.2" rev-constraint-dynamic="1.7.2" callerrev="1.1.0"/>
				<artifacts>
					<artifact name="scalatest_2.9.2" type="jar" ext="jar" status="no" details="" size="2801939" time="0" location="/home/mkhedhri/.ivy2/cache/org.scalatest/scalatest_2.9.2/jars/scalatest_2.9.2-1.7.2.jar">
						<origin-location is-local="false" location="http://repo1.maven.org/maven2/org/scalatest/scalatest_2.9.2/1.7.2/scalatest_2.9.2-1.7.2.jar"/>
					</artifact>
				</artifacts>
			</revision>
		</module>
		<module organisation="org.scala-lang" name="scala-compiler">
			<revision name="2.9.2" status="release" pubdate="20120413053159" resolver="sbt-chain" artresolver="sbt-chain" homepage="http://www.scala-lang.org/" downloaded="false" searched="false" default="false" conf="compile, master(*), runtime, compile(*), runtime(*), master" position="27">
				<license name="BSD-like" url="http://www.scala-lang.org/downloads/license.html    "/>
				<metadata-artifact status="no" details="" size="2665" time="0" location="/home/mkhedhri/.ivy2/cache/org.scala-lang/scala-compiler/ivy-2.9.2.xml" searched="false" origin-is-local="false" origin-location="http://repo1.maven.org/maven2/org/scala-lang/scala-compiler/2.9.2/scala-compiler-2.9.2.pom"/>
				<caller organisation="org.scala-lang" name="scalap" conf="compile, runtime" rev="2.9.2" rev-constraint-default="2.9.2" rev-constraint-dynamic="2.9.1" callerrev="2.9.1"/>
				<artifacts>
				</artifacts>
			</revision>
		</module>
		<module organisation="commons-io" name="commons-io">
			<revision name="1.3.2" status="release" pubdate="20080101130034" resolver="public" artresolver="public" homepage="http://jakarta.apache.org/commons/io/" downloaded="false" searched="false" default="false" conf="compile, master(*), runtime, compile(*), runtime(*), master" position="16">
				<metadata-artifact status="no" details="" size="3131" time="0" location="/home/mkhedhri/.ivy2/cache/commons-io/commons-io/ivy-1.3.2.xml" searched="false" origin-is-local="false" origin-location="http://repo1.maven.org/maven2/commons-io/commons-io/1.3.2/commons-io-1.3.2.pom"/>
				<caller organisation="com.twitter" name="finatra" conf="default, compile, runtime, master" rev="1.3.2" rev-constraint-default="1.3.2" rev-constraint-dynamic="1.3.2" callerrev="1.1.0"/>
				<artifacts>
					<artifact name="commons-io" type="jar" ext="jar" status="no" details="" size="87776" time="0" location="/home/mkhedhri/.ivy2/cache/commons-io/commons-io/jars/commons-io-1.3.2.jar">
						<origin-location is-local="false" location="http://repo1.maven.org/maven2/commons-io/commons-io/1.3.2/commons-io-1.3.2.jar"/>
					</artifact>
				</artifacts>
			</revision>
		</module>
		<module organisation="com.twitter" name="finagle-http">
			<revision name="5.3.22" status="release" pubdate="20130226160608" resolver="twttr" artresolver="twttr" homepage="" downloaded="false" searched="false" default="false" conf="compile, master(*), runtime, compile(*), runtime(*), master" position="2">
				<metadata-artifact status="no" details="" size="5093" time="0" location="/home/mkhedhri/.ivy2/cache/com.twitter/finagle-http/ivy-5.3.22.xml" searched="false" origin-is-local="false" origin-location="http://maven.twttr.com/com/twitter/finagle-http/5.3.22/finagle-http-5.3.22.pom"/>
				<caller organisation="com.twitter" name="finatra" conf="default, compile, runtime, master" rev="5.3.22" rev-constraint-default="5.3.22" rev-constraint-dynamic="5.3.22" callerrev="1.1.0"/>
				<artifacts>
					<artifact name="finagle-http" type="jar" ext="jar" status="no" details="" size="387619" time="0" location="/home/mkhedhri/.ivy2/cache/com.twitter/finagle-http/jars/finagle-http-5.3.22.jar">
						<origin-location is-local="false" location="http://maven.twttr.com/com/twitter/finagle-http/5.3.22/finagle-http-5.3.22.jar"/>
					</artifact>
				</artifacts>
			</revision>
		</module>
		<module organisation="com.twitter" name="util-codec">
			<revision name="5.3.13" status="release" pubdate="20121016164506" resolver="twttr" artresolver="twttr" homepage="" downloaded="false" searched="false" default="false" conf="compile, master(*), runtime, compile(*), runtime(*), master" position="14">
				<metadata-artifact status="no" details="" size="4816" time="0" location="/home/mkhedhri/.ivy2/cache/com.twitter/util-codec/ivy-5.3.13.xml" searched="false" origin-is-local="false" origin-location="http://maven.twttr.com/com/twitter/util-codec/5.3.13/util-codec-5.3.13.pom"/>
				<caller organisation="com.twitter" name="finagle-http" conf="compile, runtime" rev="5.3.13" rev-constraint-default="5.3.13" rev-constraint-dynamic="5.3.13" callerrev="5.3.22"/>
				<artifacts>
					<artifact name="util-codec" type="jar" ext="jar" status="no" details="" size="9356" time="0" location="/home/mkhedhri/.ivy2/cache/com.twitter/util-codec/jars/util-codec-5.3.13.jar">
						<origin-location is-local="false" location="http://maven.twttr.com/com/twitter/util-codec/5.3.13/util-codec-5.3.13.jar"/>
					</artifact>
				</artifacts>
			</revision>
		</module>
		<module organisation="com.twitter" name="finagle-core">
			<revision name="5.3.22" status="release" pubdate="20121108104511" resolver="twttr" artresolver="twttr" homepage="" downloaded="false" searched="false" default="false" conf="compile, master(*), runtime, compile(*), runtime(*), master" position="4">
				<metadata-artifact status="no" details="" size="5476" time="0" location="/home/mkhedhri/.ivy2/cache/com.twitter/finagle-core/ivy-5.3.22.xml" searched="false" origin-is-local="false" origin-location="http://maven.twttr.com/com/twitter/finagle-core/5.3.22/finagle-core-5.3.22.pom"/>
				<caller organisation="com.twitter" name="finatra" conf="default, compile, runtime, master" rev="5.3.22" rev-constraint-default="5.3.22" rev-constraint-dynamic="5.3.22" callerrev="1.1.0"/>
				<caller organisation="com.twitter" name="finagle-http" conf="compile, runtime" rev="5.3.22" rev-constraint-default="5.3.22" rev-constraint-dynamic="5.3.22" callerrev="5.3.22"/>
				<artifacts>
					<artifact name="finagle-core" type="jar" ext="jar" status="no" details="" size="1279598" time="0" location="/home/mkhedhri/.ivy2/cache/com.twitter/finagle-core/jars/finagle-core-5.3.22.jar">
						<origin-location is-local="false" location="http://maven.twttr.com/com/twitter/finagle-core/5.3.22/finagle-core-5.3.22.jar"/>
					</artifact>
				</artifacts>
			</revision>
		</module>
		<module organisation="com.twitter" name="util-jvm">
			<revision name="5.3.13" status="release" pubdate="20121016170405" resolver="twttr" artresolver="twttr" homepage="" downloaded="false" searched="false" default="false" conf="compile, master(*), runtime, compile(*), runtime(*), master" position="12">
				<metadata-artifact status="no" details="" size="4789" time="0" location="/home/mkhedhri/.ivy2/cache/com.twitter/util-jvm/ivy-5.3.13.xml" searched="false" origin-is-local="false" origin-location="http://maven.twttr.com/com/twitter/util-jvm/5.3.13/util-jvm-5.3.13.pom"/>
				<caller organisation="com.twitter" name="finagle-core" conf="compile, runtime" rev="5.3.13" rev-constraint-default="5.3.13" rev-constraint-dynamic="5.3.13" callerrev="5.3.22"/>
				<artifacts>
					<artifact name="util-jvm" type="jar" ext="jar" status="no" details="" size="98497" time="0" location="/home/mkhedhri/.ivy2/cache/com.twitter/util-jvm/jars/util-jvm-5.3.13.jar">
						<origin-location is-local="false" location="http://maven.twttr.com/com/twitter/util-jvm/5.3.13/util-jvm-5.3.13.jar"/>
					</artifact>
				</artifacts>
			</revision>
		</module>
		<module organisation="com.twitter" name="util-logging">
			<revision name="5.3.13" status="release" pubdate="20121016165806" resolver="twttr" artresolver="twttr" homepage="" downloaded="false" searched="false" default="false" conf="compile, master(*), runtime, compile(*), runtime(*), master" position="13">
				<metadata-artifact status="no" details="" size="4779" time="0" location="/home/mkhedhri/.ivy2/cache/com.twitter/util-logging/ivy-5.3.13.xml" searched="false" origin-is-local="false" origin-location="http://maven.twttr.com/com/twitter/util-logging/5.3.13/util-logging-5.3.13.pom"/>
				<caller organisation="com.twitter" name="finatra" conf="default, compile, runtime, master" rev="5.3.13" rev-constraint-default="5.3.13" rev-constraint-dynamic="5.3.13" callerrev="1.1.0"/>
				<caller organisation="com.twitter" name="finagle-core" conf="compile, runtime" rev="5.3.13" rev-constraint-default="5.3.13" rev-constraint-dynamic="5.3.13" callerrev="5.3.22"/>
				<caller organisation="com.twitter" name="finagle-http" conf="compile, runtime" rev="5.3.13" rev-constraint-default="5.3.13" rev-constraint-dynamic="5.3.13" callerrev="5.3.22"/>
				<artifacts>
					<artifact name="util-logging" type="jar" ext="jar" status="no" details="" size="194107" time="0" location="/home/mkhedhri/.ivy2/cache/com.twitter/util-logging/jars/util-logging-5.3.13.jar">
						<origin-location is-local="false" location="http://maven.twttr.com/com/twitter/util-logging/5.3.13/util-logging-5.3.13.jar"/>
					</artifact>
				</artifacts>
			</revision>
		</module>
		<module organisation="com.twitter" name="util-hashing">
			<revision name="5.3.13" status="release" pubdate="20121016164706" resolver="twttr" artresolver="twttr" homepage="" downloaded="false" searched="false" default="false" conf="compile, master(*), runtime, compile(*), runtime(*), master" position="11">
				<metadata-artifact status="no" details="" size="4797" time="0" location="/home/mkhedhri/.ivy2/cache/com.twitter/util-hashing/ivy-5.3.13.xml" searched="false" origin-is-local="false" origin-location="http://maven.twttr.com/com/twitter/util-hashing/5.3.13/util-hashing-5.3.13.pom"/>
				<caller organisation="com.twitter" name="finagle-core" conf="compile, runtime" rev="5.3.13" rev-constraint-default="5.3.13" rev-constraint-dynamic="5.3.13" callerrev="5.3.22"/>
				<artifacts>
					<artifact name="util-hashing" type="jar" ext="jar" status="no" details="" size="36251" time="0" location="/home/mkhedhri/.ivy2/cache/com.twitter/util-hashing/jars/util-hashing-5.3.13.jar">
						<origin-location is-local="false" location="http://maven.twttr.com/com/twitter/util-hashing/5.3.13/util-hashing-5.3.13.jar"/>
					</artifact>
				</artifacts>
			</revision>
		</module>
		<module organisation="commons-codec" name="commons-codec">
			<revision name="1.5" status="release" pubdate="20110325013406" resolver="sbt-chain" artresolver="sbt-chain" homepage="http://commons.apache.org/codec/" downloaded="false" searched="false" default="false" conf="compile, master(*), runtime, compile(*), runtime(*), master" position="15">
				<metadata-artifact status="no" details="" size="6299" time="0" location="/home/mkhedhri/.ivy2/cache/commons-codec/commons-codec/ivy-1.5.xml" searched="false" origin-is-local="false" origin-location="http://mirrors.ibiblio.org/pub/mirrors/maven2/commons-codec/commons-codec/1.5/commons-codec-1.5.pom"/>
				<caller organisation="com.twitter" name="util-codec" conf="compile, runtime" rev="1.5" rev-constraint-default="1.5" rev-constraint-dynamic="1.5" callerrev="5.3.13"/>
				<artifacts>
					<artifact name="commons-codec" type="jar" ext="jar" status="no" details="" size="73098" time="0" location="/home/mkhedhri/.ivy2/cache/commons-codec/commons-codec/jars/commons-codec-1.5.jar">
						<origin-location is-local="false" location="http://mirrors.ibiblio.org/pub/mirrors/maven2/commons-codec/commons-codec/1.5/commons-codec-1.5.jar"/>
					</artifact>
				</artifacts>
			</revision>
		</module>
		<module organisation="com.twitter" name="util-collection">
			<revision name="5.3.13" status="release" pubdate="20121016170610" resolver="twttr" artresolver="twttr" homepage="" downloaded="false" searched="false" default="false" conf="compile, master(*), runtime, compile(*), runtime(*), master" position="6">
				<metadata-artifact status="no" details="" size="5116" time="0" location="/home/mkhedhri/.ivy2/cache/com.twitter/util-collection/ivy-5.3.13.xml" searched="false" origin-is-local="false" origin-location="http://maven.twttr.com/com/twitter/util-collection/5.3.13/util-collection-5.3.13.pom"/>
				<caller organisation="com.twitter" name="finagle-core" conf="compile, runtime" rev="5.3.13" rev-constraint-default="5.3.13" rev-constraint-dynamic="5.3.13" callerrev="5.3.22"/>
				<artifacts>
					<artifact name="util-collection" type="jar" ext="jar" status="no" details="" size="58799" time="0" location="/home/mkhedhri/.ivy2/cache/com.twitter/util-collection/jars/util-collection-5.3.13.jar">
						<origin-location is-local="false" location="http://maven.twttr.com/com/twitter/util-collection/5.3.13/util-collection-5.3.13.jar"/>
					</artifact>
				</artifacts>
			</revision>
		</module>
		<module organisation="com.twitter" name="util-core">
			<revision name="5.3.13" status="release" pubdate="20121016165206" resolver="twttr" artresolver="twttr" homepage="" downloaded="false" searched="false" default="false" conf="compile, master(*), runtime, compile(*), runtime(*), master" position="10">
				<metadata-artifact status="no" details="" size="4661" time="0" location="/home/mkhedhri/.ivy2/cache/com.twitter/util-core/ivy-5.3.13.xml" searched="false" origin-is-local="false" origin-location="http://maven.twttr.com/com/twitter/util-core/5.3.13/util-core-5.3.13.pom"/>
				<caller organisation="com.twitter" name="util-logging" conf="compile, runtime" rev="5.3.13" rev-constraint-default="5.3.13" rev-constraint-dynamic="5.3.13" callerrev="5.3.13"/>
				<caller organisation="com.twitter" name="util-hashing" conf="compile, runtime" rev="5.3.13" rev-constraint-default="5.3.13" rev-constraint-dynamic="5.3.13" callerrev="5.3.13"/>
				<caller organisation="com.twitter" name="util-collection" conf="compile, runtime" rev="5.3.13" rev-constraint-default="5.3.13" rev-constraint-dynamic="5.3.13" callerrev="5.3.13"/>
				<caller organisation="com.twitter" name="util-jvm" conf="compile, runtime" rev="5.3.13" rev-constraint-default="5.3.13" rev-constraint-dynamic="5.3.13" callerrev="5.3.13"/>
				<caller organisation="com.twitter" name="util-codec" conf="compile, runtime" rev="5.3.13" rev-constraint-default="5.3.13" rev-constraint-dynamic="5.3.13" callerrev="5.3.13"/>
				<caller organisation="com.twitter" name="finagle-core" conf="compile, runtime" rev="5.3.13" rev-constraint-default="5.3.13" rev-constraint-dynamic="5.3.13" callerrev="5.3.22"/>
				<artifacts>
					<artifact name="util-core" type="jar" ext="jar" status="no" details="" size="625588" time="0" location="/home/mkhedhri/.ivy2/cache/com.twitter/util-core/jars/util-core-5.3.13.jar">
						<origin-location is-local="false" location="http://maven.twttr.com/com/twitter/util-core/5.3.13/util-core-5.3.13.jar"/>
					</artifact>
				</artifacts>
			</revision>
		</module>
		<module organisation="commons-collections" name="commons-collections">
			<revision name="3.2.1" status="release" pubdate="20080415010924" resolver="sbt-chain" artresolver="sbt-chain" homepage="http://commons.apache.org/collections/" downloaded="false" searched="false" default="false" conf="compile, master(*), runtime, compile(*), runtime(*), master" position="9">
				<metadata-artifact status="no" details="" size="4584" time="0" location="/home/mkhedhri/.ivy2/cache/commons-collections/commons-collections/ivy-3.2.1.xml" searched="false" origin-is-local="false" origin-location="http://mirrors.ibiblio.org/pub/mirrors/maven2/commons-collections/commons-collections/3.2.1/commons-collections-3.2.1.pom"/>
				<caller organisation="com.twitter" name="util-collection" conf="compile, runtime" rev="3.2.1" rev-constraint-default="3.2.1" rev-constraint-dynamic="3.2.1" callerrev="5.3.13"/>
				<artifacts>
					<artifact name="commons-collections" type="jar" ext="jar" status="no" details="" size="575389" time="0" location="/home/mkhedhri/.ivy2/cache/commons-collections/commons-collections/jars/commons-collections-3.2.1.jar">
						<origin-location is-local="false" location="http://mirrors.ibiblio.org/pub/mirrors/maven2/commons-collections/commons-collections/3.2.1/commons-collections-3.2.1.jar"/>
					</artifact>
				</artifacts>
			</revision>
		</module>
		<module organisation="com.google.code.findbugs" name="jsr305">
			<revision name="1.3.9" status="release" pubdate="20090824222822" resolver="sbt-chain" artresolver="sbt-chain" homepage="http://findbugs.sourceforge.net/" downloaded="false" searched="false" default="false" conf="compile, master(*), runtime, compile(*), runtime(*), master" position="7">
				<license name="The Apache Software License, Version 2.0" url="http://www.apache.org/licenses/LICENSE-2.0.txt"/>
				<metadata-artifact status="no" details="" size="2393" time="0" location="/home/mkhedhri/.ivy2/cache/com.google.code.findbugs/jsr305/ivy-1.3.9.xml" searched="false" origin-is-local="false" origin-location="http://mirrors.ibiblio.org/pub/mirrors/maven2/com/google/code/findbugs/jsr305/1.3.9/jsr305-1.3.9.pom"/>
				<caller organisation="com.twitter" name="util-collection" conf="compile, runtime" rev="1.3.9" rev-constraint-default="1.3.9" rev-constraint-dynamic="1.3.9" callerrev="5.3.13"/>
				<artifacts>
					<artifact name="jsr305" type="jar" ext="jar" status="no" details="" size="33015" time="0" location="/home/mkhedhri/.ivy2/cache/com.google.code.findbugs/jsr305/jars/jsr305-1.3.9.jar">
						<origin-location is-local="false" location="http://mirrors.ibiblio.org/pub/mirrors/maven2/com/google/code/findbugs/jsr305/1.3.9/jsr305-1.3.9.jar"/>
					</artifact>
				</artifacts>
			</revision>
		</module>
		<module organisation="io.netty" name="netty">
			<revision name="3.5.5.Final" status="release" pubdate="20120822053838" resolver="public" artresolver="public" homepage="http://netty.io/" downloaded="false" searched="false" default="false" conf="compile, master(*), runtime, compile(*), runtime(*), master" position="5">
				<license name="Apache License, Version 2.0" url="http://www.apache.org/licenses/LICENSE-2.0"/>
				<metadata-artifact status="no" details="" size="6423" time="0" location="/home/mkhedhri/.ivy2/cache/io.netty/netty/ivy-3.5.5.Final.xml" searched="false" origin-is-local="false" origin-location="http://repo1.maven.org/maven2/io/netty/netty/3.5.5.Final/netty-3.5.5.Final.pom"/>
				<caller organisation="com.twitter" name="finagle-core" conf="compile, runtime" rev="3.5.5.Final" rev-constraint-default="3.5.5.Final" rev-constraint-dynamic="3.5.5.Final" callerrev="5.3.22"/>
				<artifacts>
					<artifact name="netty" type="bundle" ext="jar" status="no" details="" size="1126301" time="0" location="/home/mkhedhri/.ivy2/cache/io.netty/netty/bundles/netty-3.5.5.Final.jar">
						<origin-location is-local="false" location="http://repo1.maven.org/maven2/io/netty/netty/3.5.5.Final/netty-3.5.5.Final.jar"/>
					</artifact>
				</artifacts>
			</revision>
		</module>
		<module organisation="commons-lang" name="commons-lang">
			<revision name="2.6" status="release" pubdate="20110116222147" resolver="sbt-chain" artresolver="sbt-chain" homepage="http://commons.apache.org/lang/" downloaded="false" searched="false" default="false" conf="compile, master(*), runtime, compile(*), runtime(*), master" position="3">
				<metadata-artifact status="no" details="" size="6390" time="0" location="/home/mkhedhri/.ivy2/cache/commons-lang/commons-lang/ivy-2.6.xml" searched="false" origin-is-local="false" origin-location="http://mirrors.ibiblio.org/pub/mirrors/maven2/commons-lang/commons-lang/2.6/commons-lang-2.6.pom"/>
				<caller organisation="com.twitter" name="finagle-http" conf="compile, runtime" rev="2.6" rev-constraint-default="2.6" rev-constraint-dynamic="2.6" callerrev="5.3.22"/>
				<artifacts>
					<artifact name="commons-lang" type="jar" ext="jar" status="no" details="" size="284220" time="0" location="/home/mkhedhri/.ivy2/cache/commons-lang/commons-lang/jars/commons-lang-2.6.jar">
						<origin-location is-local="false" location="http://mirrors.ibiblio.org/pub/mirrors/maven2/commons-lang/commons-lang/2.6/commons-lang-2.6.jar"/>
					</artifact>
				</artifacts>
			</revision>
		</module>
		<module organisation="org.scala-lang" name="scala-library">
			<revision name="2.9.2" status="release" pubdate="20120413052921" resolver="sbt-chain" artresolver="sbt-chain" homepage="http://www.scala-lang.org/" downloaded="false" searched="false" default="false" conf="default(compile), default, compile, master(*), compile(*), runtime, runtime(*), master" position="0">
				<license name="BSD-like" url="http://www.scala-lang.org/downloads/license.html          "/>
				<metadata-artifact status="no" details="" size="2391" time="0" location="/home/mkhedhri/.ivy2/cache/org.scala-lang/scala-library/ivy-2.9.2.xml" searched="false" origin-is-local="false" origin-location="http://repo1.maven.org/maven2/org/scala-lang/scala-library/2.9.2/scala-library-2.9.2.pom"/>
				<caller organisation="net.liftweb" name="lift-json_2.9.1" conf="default, compile, runtime, master" rev="2.9.2" rev-constraint-default="2.9.2" rev-constraint-dynamic="2.9.1" callerrev="2.4"/>
				<caller organisation="com.twitter" name="util-hashing" conf="compile, runtime" rev="2.9.2" rev-constraint-default="2.9.2" rev-constraint-dynamic="2.9.2" callerrev="5.3.13"/>
				<caller organisation="com.twitter" name="util-collection" conf="compile, runtime" rev="2.9.2" rev-constraint-default="2.9.2" rev-constraint-dynamic="2.9.2" callerrev="5.3.13"/>
				<caller organisation="io.backchat.jerkson" name="jerkson_2.9.2" conf="compile, runtime" rev="2.9.2" rev-constraint-default="2.9.2" rev-constraint-dynamic="2.9.2" callerrev="0.7.0"/>
				<caller organisation="com.twitter" name="finatra" conf="default, compile, runtime, master" rev="2.9.2" rev-constraint-default="2.9.2" rev-constraint-dynamic="2.9.2" callerrev="1.1.0"/>
				<caller organisation="org.scala-lang" name="scala-compiler" conf="compile, runtime" rev="2.9.2" rev-constraint-default="2.9.2" rev-constraint-dynamic="2.9.2" callerrev="2.9.2"/>
				<caller organisation="org.scalatest" name="scalatest_2.9.2" conf="compile, runtime" rev="2.9.2" rev-constraint-default="2.9.2" rev-constraint-dynamic="2.9.2" callerrev="1.7.2"/>
				<caller organisation="com.twitter" name="finagle-http" conf="compile, runtime" rev="2.9.2" rev-constraint-default="2.9.2" rev-constraint-dynamic="2.9.2" callerrev="5.3.22"/>
				<caller organisation="com.twitter" name="util-logging" conf="compile, runtime" rev="2.9.2" rev-constraint-default="2.9.2" rev-constraint-dynamic="2.9.2" callerrev="5.3.13"/>
				<caller organisation="com.twitter" name="util-jvm" conf="compile, runtime" rev="2.9.2" rev-constraint-default="2.9.2" rev-constraint-dynamic="2.9.2" callerrev="5.3.13"/>
				<caller organisation="com.twitter" name="util-codec" conf="compile, runtime" rev="2.9.2" rev-constraint-default="2.9.2" rev-constraint-dynamic="2.9.2" callerrev="5.3.13"/>
				<caller organisation="com.twitter" name="util-core" conf="compile, runtime" rev="2.9.2" rev-constraint-default="2.9.2" rev-constraint-dynamic="2.9.2" callerrev="5.3.13"/>
				<caller organisation="com.twitter" name="finagle-core" conf="compile, runtime" rev="2.9.2" rev-constraint-default="2.9.2" rev-constraint-dynamic="2.9.2" callerrev="5.3.22"/>
				<caller organisation="proxycubes" name="proxycubes_2.9.2" conf="test, compile, runtime" rev="2.9.2" rev-constraint-default="2.9.2" rev-constraint-dynamic="2.9.2" callerrev="0.1-SNAPSHOT"/>
				<artifacts>
				</artifacts>
			</revision>
		</module>
	</dependencies>
</ivy-report>
